This is pdfTeX, Version 3.14159265-2.6-1.40.16 (MiKTeX 2.9) (preloaded format=pdflatex 2016.2.12)  15 FEB 2016 21:59
entering extended mode
**kursovaya2.tex
(kursovaya2.tex
LaTeX2e <2015/01/01> patch level 2
Babel <3.9m> and hyphenation patterns for 69 languages loaded.
("C:\Program Files (x86)\MiKTeX 2.9\tex\latex\base\report.cls"
Document Class: report 2014/09/29 v1.4h Standard LaTeX document class
("C:\Program Files (x86)\MiKTeX 2.9\tex\latex\base\size10.clo"
File: size10.clo 2014/09/29 v1.4h Standard LaTeX file (size option)
)
\c@part=\count79
\c@chapter=\count80
\c@section=\count81
\c@subsection=\count82
\c@subsubsection=\count83
\c@paragraph=\count84
\c@subparagraph=\count85
\c@figure=\count86
\c@table=\count87
\abovecaptionskip=\skip41
\belowcaptionskip=\skip42
\bibindent=\dimen102
)
("C:\Program Files (x86)\MiKTeX 2.9\tex\generic\babel\babel.sty"
Package: babel 2015/08/03 3.9m The Babel package

*************************************
* Local config file bblopts.cfg used
*
("C:\Program Files (x86)\MiKTeX 2.9\tex\latex\00miktex\bblopts.cfg"
File: bblopts.cfg 2006/07/31 v1.0 MiKTeX 'babel' configuration
)
("C:\Program Files (x86)\MiKTeX 2.9\tex\latex\babel-english\english.ldf"
Language: english 2012/08/20 v3.3p English support from the babel system

("C:\Program Files (x86)\MiKTeX 2.9\tex\generic\babel\babel.def"
File: babel.def 2015/08/03 3.9m Babel common definitions
\babel@savecnt=\count88
\U@D=\dimen103
)
\l@canadian = a dialect from \language\l@american 
\l@australian = a dialect from \language\l@british 
\l@newzealand = a dialect from \language\l@british 
)
("C:\Program Files (x86)\MiKTeX 2.9\tex\latex\babel-russian\russianb.ldf"
Language: russianb 2015/05/01 1.3g Russian support for the Babel system


Package babel Warning: No Cyrillic font encoding has been loaded so far.
(babel)                A font encoding should be declared before babel.
(babel)                Default `T2A' encoding will be loaded  on input line 69.


("C:\Program Files (x86)\MiKTeX 2.9\tex\latex\cyrillic\t2aenc.def"
File: t2aenc.def 2005/09/27 v1.0i Cyrillic encoding definition file
)

Package babel Warning: No input encoding specified for Russian language on inpu
t line 110.

Package babel Info: Making " an active character on input line 111.
)) ("C:\Program Files (x86)\MiKTeX 2.9\tex\latex\graphics\graphicx.sty"
Package: graphicx 2014/10/28 v1.0g Enhanced LaTeX Graphics (DPC,SPQR)

("C:\Program Files (x86)\MiKTeX 2.9\tex\latex\graphics\keyval.sty"
Package: keyval 2014/10/28 v1.15 key=value parser (DPC)
\KV@toks@=\toks14
)
("C:\Program Files (x86)\MiKTeX 2.9\tex\latex\graphics\graphics.sty"
Package: graphics 2014/10/28 v1.0p Standard LaTeX Graphics (DPC,SPQR)

("C:\Program Files (x86)\MiKTeX 2.9\tex\latex\graphics\trig.sty"
Package: trig 1999/03/16 v1.09 sin cos tan (DPC)
)
("C:\Program Files (x86)\MiKTeX 2.9\tex\latex\00miktex\graphics.cfg"
File: graphics.cfg 2007/01/18 v1.5 graphics configuration of teTeX/TeXLive
)
Package graphics Info: Driver file: pdftex.def on input line 94.

("C:\Program Files (x86)\MiKTeX 2.9\tex\latex\pdftex-def\pdftex.def"
File: pdftex.def 2011/05/27 v0.06d Graphics/color for pdfTeX

("C:\Program Files (x86)\MiKTeX 2.9\tex\generic\oberdiek\infwarerr.sty"
Package: infwarerr 2010/04/08 v1.3 Providing info/warning/error messages (HO)
)
("C:\Program Files (x86)\MiKTeX 2.9\tex\generic\oberdiek\ltxcmds.sty"
Package: ltxcmds 2011/11/09 v1.22 LaTeX kernel commands for general use (HO)
)
\Gread@gobject=\count89
))
\Gin@req@height=\dimen104
\Gin@req@width=\dimen105
)
("C:\Program Files (x86)\MiKTeX 2.9\tex\latex\amsmath\amsmath.sty"
Package: amsmath 2013/01/14 v2.14 AMS math features
\@mathmargin=\skip43

For additional information on amsmath, use the `?' option.
("C:\Program Files (x86)\MiKTeX 2.9\tex\latex\amsmath\amstext.sty"
Package: amstext 2000/06/29 v2.01

("C:\Program Files (x86)\MiKTeX 2.9\tex\latex\amsmath\amsgen.sty"
File: amsgen.sty 1999/11/30 v2.0
\@emptytoks=\toks15
\ex@=\dimen106
))
("C:\Program Files (x86)\MiKTeX 2.9\tex\latex\amsmath\amsbsy.sty"
Package: amsbsy 1999/11/29 v1.2d
\pmbraise@=\dimen107
)
("C:\Program Files (x86)\MiKTeX 2.9\tex\latex\amsmath\amsopn.sty"
Package: amsopn 1999/12/14 v2.01 operator names
)
\inf@bad=\count90
LaTeX Info: Redefining \frac on input line 210.
\uproot@=\count91
\leftroot@=\count92
LaTeX Info: Redefining \overline on input line 306.
\classnum@=\count93
\DOTSCASE@=\count94
LaTeX Info: Redefining \ldots on input line 378.
LaTeX Info: Redefining \dots on input line 381.
LaTeX Info: Redefining \cdots on input line 466.
\Mathstrutbox@=\box26
\strutbox@=\box27
\big@size=\dimen108
LaTeX Font Info:    Redeclaring font encoding OML on input line 566.
LaTeX Font Info:    Redeclaring font encoding OMS on input line 567.
\macc@depth=\count95
\c@MaxMatrixCols=\count96
\dotsspace@=\muskip10
\c@parentequation=\count97
\dspbrk@lvl=\count98
\tag@help=\toks16
\row@=\count99
\column@=\count100
\maxfields@=\count101
\andhelp@=\toks17
\eqnshift@=\dimen109
\alignsep@=\dimen110
\tagshift@=\dimen111
\tagwidth@=\dimen112
\totwidth@=\dimen113
\lineht@=\dimen114
\@envbody=\toks18
\multlinegap=\skip44
\multlinetaggap=\skip45
\mathdisplay@stack=\toks19
LaTeX Info: Redefining \[ on input line 2665.
LaTeX Info: Redefining \] on input line 2666.
)
("C:\Program Files (x86)\MiKTeX 2.9\tex\latex\float\float.sty"
Package: float 2001/11/08 v1.3d Float enhancements (AL)
\c@float@type=\count102
\float@exts=\toks20
\float@box=\box28
\@float@everytoks=\toks21
\@floatcapt=\box29
) (kursovaya2.aux
LaTeX Font Info:    Try loading font information for T2A+cmr on input line 3.
("C:\Program Files (x86)\MiKTeX 2.9\tex\latex\cyrillic\t2acmr.fd"
File: t2acmr.fd 2001/08/11 v1.0a Computer Modern Cyrillic font definitions
))
LaTeX Font Info:    Checking defaults for OML/cmm/m/it on input line 11.
LaTeX Font Info:    ... okay on input line 11.
LaTeX Font Info:    Checking defaults for T1/cmr/m/n on input line 11.
LaTeX Font Info:    ... okay on input line 11.
LaTeX Font Info:    Checking defaults for OT1/cmr/m/n on input line 11.
LaTeX Font Info:    ... okay on input line 11.
LaTeX Font Info:    Checking defaults for OMS/cmsy/m/n on input line 11.
LaTeX Font Info:    ... okay on input line 11.
LaTeX Font Info:    Checking defaults for OMX/cmex/m/n on input line 11.
LaTeX Font Info:    ... okay on input line 11.
LaTeX Font Info:    Checking defaults for U/cmr/m/n on input line 11.
LaTeX Font Info:    ... okay on input line 11.
LaTeX Font Info:    Checking defaults for T2A/cmr/m/n on input line 11.
LaTeX Font Info:    ... okay on input line 11.

("C:\Program Files (x86)\MiKTeX 2.9\tex\context\base\supp-pdf.mkii"
[Loading MPS to PDF converter (version 2006.09.02).]
\scratchcounter=\count103
\scratchdimen=\dimen115
\scratchbox=\box30
\nofMPsegments=\count104
\nofMParguments=\count105
\everyMPshowfont=\toks22
\MPscratchCnt=\count106
\MPscratchDim=\dimen116
\MPnumerator=\count107
\makeMPintoPDFobject=\count108
\everyMPtoPDFconversion=\toks23
) (titul.tex [1

{C:/Users/РљРѕРЅСЃС‚Р°РЅС‚РёРЅ/AppData/Local/MiKTeX/2.9/pdftex/config/pdftex.ma
p}]) [1] [2]
LaTeX Font Info:    Try loading font information for OMS+cmr on input line 52.

("C:\Program Files (x86)\MiKTeX 2.9\tex\latex\base\omscmr.fd"
File: omscmr.fd 2014/09/29 v2.5h Standard LaTeX font definitions
)
LaTeX Font Info:    Font shape `OMS/cmr/m/n' in size <10> not available
(Font)              Font shape `OMS/cmsy/m/n' tried instead on input line 52.
 [3] [4] [5]
<pic1.png, id=24, 255.95625pt x 45.16875pt>
File: pic1.png Graphic file (type png)
 <use pic1.png>
Package pdftex.def Info: pic1.png used on input line 76.
(pdftex.def)             Requested size: 345.0pt x 60.88625pt.

<pic2.png, id=25, 406.51875pt x 59.47218pt>
File: pic2.png Graphic file (type png)
 <use pic2.png>
Package pdftex.def Info: pic2.png used on input line 84.
(pdftex.def)             Requested size: 345.0pt x 50.47354pt.

<pic3.png, id=26, 224.33812pt x 45.92157pt>
File: pic3.png Graphic file (type png)
 <use pic3.png>
Package pdftex.def Info: pic3.png used on input line 92.
(pdftex.def)             Requested size: 345.0pt x 70.62833pt.


LaTeX Warning: `!h' float specifier changed to `!ht'.

<pic4.png, id=27, 471.26062pt x 245.41687pt>
File: pic4.png Graphic file (type png)
 <use pic4.png>
Package pdftex.def Info: pic4.png used on input line 100.
(pdftex.def)             Requested size: 345.0pt x 179.66585pt.
 [6 <./pic1.png> <./pic2.png>] <pic5.png, id=32, 28.60687pt x 150.5625pt>
File: pic5.png Graphic file (type png)
 <use pic5.png>
Package pdftex.def Info: pic5.png used on input line 108.
(pdftex.def)             Requested size: 345.0pt x 1816.61732pt.
 [7 <./pic3.png> <./pic4.png>] [8]
Overfull \vbox (1290.5613pt too high) has occurred while \output is active []


[9 <./pic5.png>] <pic6.png, id=42, 372.64218pt x 405.01312pt>
File: pic6.png Graphic file (type png)
 <use pic6.png>
Package pdftex.def Info: pic6.png used on input line 117.
(pdftex.def)             Requested size: 345.0pt x 374.98352pt.

<pic7.png, id=43, 472.76625pt x 24.09pt>
File: pic7.png Graphic file (type png)
 <use pic7.png>
Package pdftex.def Info: pic7.png used on input line 124.
(pdftex.def)             Requested size: 345.0pt x 17.58002pt.
 [10 <./pic6.png>]
<pic8.png, id=47, 328.22626pt x 314.67563pt>
File: pic8.png Graphic file (type png)
 <use pic8.png>
Package pdftex.def Info: pic8.png used on input line 134.
(pdftex.def)             Requested size: 345.0pt x 330.76006pt.
 [11 <./pic7.png>]
<pic9.png, id=51, 472.76625pt x 245.41687pt>
File: pic9.png Graphic file (type png)
 <use pic9.png>
Package pdftex.def Info: pic9.png used on input line 144.
(pdftex.def)             Requested size: 345.0pt x 179.09665pt.
 [12 <./pic8.png>]
<pic10.png, id=56, 465.99094pt x 395.97937pt>
File: pic10.png Graphic file (type png)
 <use pic10.png>
Package pdftex.def Info: pic10.png used on input line 155.
(pdftex.def)             Requested size: 345.0pt x 293.17725pt.
 [13 <./pic9.png>] <pic11.png, id=60, 477.28313pt x 295.1025pt>
File: pic11.png Graphic file (type png)
 <use pic11.png>
Package pdftex.def Info: pic11.png used on input line 164.
(pdftex.def)             Requested size: 345.0pt x 213.31116pt.
 [14 <./pic10.png>] <pic12.png, id=64, 423.83344pt x 185.19188pt>
File: pic12.png Graphic file (type png)
 <use pic12.png>
Package pdftex.def Info: pic12.png used on input line 172.
(pdftex.def)             Requested size: 345.0pt x 150.7506pt.
 [15 <./pic11.png> <./pic12.png>] <pic13.png, id=68, 423.08063pt x 219.82124pt>
File: pic13.png Graphic file (type png)

<use pic13.png>
Package pdftex.def Info: pic13.png used on input line 182.
(pdftex.def)             Requested size: 345.0pt x 179.25838pt.
 <pic14.png, id=69, 29.35968pt x 27.10126pt>
File: pic14.png Graphic file (type png)
 <use pic14.png>
Package pdftex.def Info: pic14.png used on input line 193.
(pdftex.def)             Requested size: 345.0pt x 318.63364pt.

[16 <./pic13.png>] <pic15.png, id=73, 422.32782pt x 352.31625pt>
File: pic15.png Graphic file (type png)

<use pic15.png>
Package pdftex.def Info: pic15.png used on input line 201.
(pdftex.def)             Requested size: 345.0pt x 287.81526pt.
 [17 <./pic14.png>]
<pic16.png, id=77, 303.38344pt x 362.85562pt>
File: pic16.png Graphic file (type png)
 <use pic16.png>
Package pdftex.def Info: pic16.png used on input line 211.
(pdftex.def)             Requested size: 345.0pt x 412.6354pt.
 [18 <./pic15.png>] <pic17.png, id=82, 361.35pt x 360.59718pt>
File: pic17.png Graphic file (type png)
 <use pic17.png>
Package pdftex.def Info: pic17.png used on input line 219.
(pdftex.def)             Requested size: 345.0pt x 344.28207pt.
 [19 <./pic16.png>] [20 <./pic17.png>] [21] <pic18.png, id=92, 214.55156pt x 24
3.91125pt>
File: pic18.png Graphic file (type png)

<use pic18.png>
Package pdftex.def Info: pic18.png used on input line 233.
(pdftex.def)             Requested size: 345.0pt x 392.24594pt.
 [22 <./pic18.png>]
Overfull \hbox (35.4361pt too wide) in paragraph at lines 239--240
\T2A/cmr/m/n/10 https://ru.wikipedia.org/wiki/Система_автоматизированного_проек
тирования  
 []


Overfull \hbox (38.35205pt too wide) in paragraph at lines 240--241
\T2A/cmr/m/n/10 https://ru.m.wikipedia.org/wiki/Автоматизация_проектирования_эл
ектроники  
 []

[23

] (kursovaya2.aux)

LaTeX Warning: Label(s) may have changed. Rerun to get cross-references right.

 ) 
Here is how much of TeX's memory you used:
 2815 strings out of 493673
 34880 string characters out of 3141485
 98092 words of memory out of 3000000
 6142 multiletter control sequences out of 15000+200000
 8504 words of font info for 20 fonts, out of 3000000 for 9000
 1025 hyphenation exceptions out of 8191
 27i,6n,23p,1696b,239s stack positions out of 5000i,500n,10000p,200000b,50000s
 <C:\Users\РљРѕРЅСЃС‚Р°РЅС‚РёРЅ\AppData\Local\MiKTeX\2.9\fonts\pk\ljfour\lh\l
h-t2a\dpi600\labx2488.pk> <C:\Users\РљРѕРЅСЃС‚Р°РЅС‚РёРЅ\AppData\Local\MiKTeX\2
.9\fonts\pk\ljfour\lh\lh-t2a\dpi600\labx1440.pk> <C:\Users\РљРѕРЅСЃС‚Р°РЅС‚РёРЅ
\AppData\Local\MiKTeX\2.9\fonts\pk\ljfour\unknown\unknown\dpi600\larm1000.pk><C
:/Program Files (x86)/MiKTeX 2.9/fonts/type1/public/amsfonts/cm/cmr10.pfb><C:/P
rogram Files (x86)/MiKTeX 2.9/fonts/type1/public/amsfonts/cm/cmsy10.pfb>
Output written on kursovaya2.pdf (24 pages, 1069958 bytes).
PDF statistics:
 278 PDF objects out of 1000 (max. 8388607)
 0 named destinations out of 1000 (max. 500000)
 91 words of extra memory for PDF output out of 10000 (max. 10000000)

